Release 13.4 - xst O.87xd (nt)
Copyright (c) 1995-2011 Xilinx, Inc.  All rights reserved.
--> Parameter TMPDIR set to xst/projnav.tmp


Total REAL time to Xst completion: 0.00 secs
Total CPU time to Xst completion: 0.11 secs
 
--> Parameter xsthdpdir set to xst


Total REAL time to Xst completion: 0.00 secs
Total CPU time to Xst completion: 0.11 secs
 
--> Reading design: top.prj

TABLE OF CONTENTS
  1) Synthesis Options Summary
  2) HDL Compilation
  3) Design Hierarchy Analysis
  4) HDL Analysis
  5) HDL Synthesis
     5.1) HDL Synthesis Report
  6) Advanced HDL Synthesis
     6.1) Advanced HDL Synthesis Report
  7) Low Level Synthesis
  8) Partition Report
  9) Final Report
	9.1) Device utilization summary
	9.2) Partition Resource Summary
	9.3) TIMING REPORT


=========================================================================
*                      Synthesis Options Summary                        *
=========================================================================
---- Source Parameters
Input File Name                    : "top.prj"
Input Format                       : mixed
Ignore Synthesis Constraint File   : NO

---- Target Parameters
Output File Name                   : "top"
Output Format                      : NGC
Target Device                      : xc3s500e-4-fg320

---- Source Options
Top Module Name                    : top
Automatic FSM Extraction           : YES
FSM Encoding Algorithm             : Auto
Safe Implementation                : No
FSM Style                          : LUT
RAM Extraction                     : Yes
RAM Style                          : Auto
ROM Extraction                     : Yes
Mux Style                          : Auto
Decoder Extraction                 : YES
Priority Encoder Extraction        : Yes
Shift Register Extraction          : YES
Logical Shifter Extraction         : YES
XOR Collapsing                     : YES
ROM Style                          : Auto
Mux Extraction                     : Yes
Resource Sharing                   : YES
Asynchronous To Synchronous        : NO
Multiplier Style                   : Auto
Automatic Register Balancing       : No

---- Target Options
Add IO Buffers                     : YES
Global Maximum Fanout              : 100000
Add Generic Clock Buffer(BUFG)     : 24
Register Duplication               : YES
Slice Packing                      : YES
Optimize Instantiated Primitives   : NO
Use Clock Enable                   : Yes
Use Synchronous Set                : Yes
Use Synchronous Reset              : Yes
Pack IO Registers into IOBs        : Auto
Equivalent register Removal        : YES

---- General Options
Optimization Goal                  : Speed
Optimization Effort                : 1
Keep Hierarchy                     : No
Netlist Hierarchy                  : As_Optimized
RTL Output                         : Yes
Global Optimization                : AllClockNets
Read Cores                         : YES
Write Timing Constraints           : NO
Cross Clock Analysis               : NO
Hierarchy Separator                : /
Bus Delimiter                      : <>
Case Specifier                     : Maintain
Slice Utilization Ratio            : 100
BRAM Utilization Ratio             : 100
Verilog 2001                       : YES
Auto BRAM Packing                  : NO
Slice Utilization Ratio Delta      : 5

=========================================================================


=========================================================================
*                          HDL Compilation                              *
=========================================================================
Compiling vhdl file "//vmware-host/shared folders/Downloads/doorlock/top.vhd" in Library work.
Entity <top> compiled.
Entity <top> (Architecture <behavioral>) compiled.

=========================================================================
*                     Design Hierarchy Analysis                         *
=========================================================================
Analyzing hierarchy for entity <top> in library <work> (architecture <behavioral>).


=========================================================================
*                            HDL Analysis                               *
=========================================================================
Analyzing Entity <top> in library <work> (Architecture <behavioral>).
WARNING:Xst:819 - "//vmware-host/shared folders/Downloads/doorlock/top.vhd" line 58: One or more signals are missing in the process sensitivity list. To enable synthesis of FPGA/CPLD hardware, XST will assume that all necessary signals are present in the sensitivity list. Please note that the result of the synthesis may differ from the initial design specification. The missing signals are:
   <PW>
Entity <top> analyzed. Unit <top> generated.


=========================================================================
*                           HDL Synthesis                               *
=========================================================================

Performing bidirectional port resolution...

Synthesizing Unit <top>.
    Related source file is "//vmware-host/shared folders/Downloads/doorlock/top.vhd".
    Found finite state machine <FSM_0> for signal <state_reg>.
    -----------------------------------------------------------------------
    | States             | 20                                             |
    | Transitions        | 58                                             |
    | Inputs             | 19                                             |
    | Outputs            | 24                                             |
    | Clock              | clock                     (rising_edge)        |
    | Reset              | reset                     (positive)           |
    | Reset type         | asynchronous                                   |
    | Reset State        | locked                                         |
    | Power Up State     | locked                                         |
    | Encoding           | automatic                                      |
    | Implementation     | LUT                                            |
    -----------------------------------------------------------------------
WARNING:Xst:737 - Found 4-bit latch for signal <PW>. Latches may be generated from incomplete case or if statements. We do not recommend the use of latches in FPGA/CPLD designs, as they may lead to timing problems.
INFO:Xst:2371 - HDL ADVISOR - Logic functions respectively driving the data and gate enable inputs of this latch share common terms. This situation will potentially lead to setup/hold violations and, as a result, to simulation problems. This situation may come from an incomplete case statement (all selector values are not covered). You should carefully review if it was in your intentions to describe such a latch.
    Found 4-bit comparator equal for signal <state_reg$cmp_eq0000> created at line 63.
    Summary:
	inferred   1 Finite State Machine(s).
	inferred   1 Comparator(s).
Unit <top> synthesized.


=========================================================================
HDL Synthesis Report

Macro Statistics
# Latches                                              : 1
 4-bit latch                                           : 1
# Comparators                                          : 1
 4-bit comparator equal                                : 1

=========================================================================

=========================================================================
*                       Advanced HDL Synthesis                          *
=========================================================================

Analyzing FSM <FSM_0> for best encoding.
Optimizing FSM <state_reg/FSM> on signal <state_reg[1:5]> with gray encoding.
----------------------
 State    | Encoding
----------------------
 locked   | 00000
 unlocked | 00001
 wrongpw  | 00011
 changepw | 00010
 pw0      | 00111
 pw1      | 00110
 pw2      | 00101
 pw3      | 00100
 pw4      | 01100
 pw5      | 01101
 pw6      | 01111
 pw7      | 01110
 pw8      | 01010
 pw9      | 01011
 pw10     | 01001
 pw11     | 01000
 pw12     | 11000
 pw13     | 11001
 pw14     | 11011
 pw15     | 11010
----------------------

=========================================================================
Advanced HDL Synthesis Report

Macro Statistics
# FSMs                                                 : 1
# Latches                                              : 1
 4-bit latch                                           : 1
# Comparators                                          : 1
 4-bit comparator equal                                : 1

=========================================================================

=========================================================================
*                         Low Level Synthesis                           *
=========================================================================

Optimizing unit <top> ...

Mapping all equations...
Building and optimizing final netlist ...
Found area constraint ratio of 100 (+ 5) on block top, actual ratio is 0.

Final Macro Processing ...

=========================================================================
Final Register Report

Macro Statistics
# Registers                                            : 5
 Flip-Flops                                            : 5

=========================================================================

=========================================================================
*                           Partition Report                            *
=========================================================================

Partition Implementation Status
-------------------------------

  No Partitions were found in this design.

-------------------------------

=========================================================================
*                            Final Report                               *
=========================================================================
Final Results
RTL Top Level Output File Name     : top.ngr
Top Level Output File Name         : top
Output Format                      : NGC
Optimization Goal                  : Speed
Keep Hierarchy                     : No

Design Statistics
# IOs                              : 13

Cell Usage :
# BELS                             : 35
#      LUT2                        : 4
#      LUT3                        : 8
#      LUT4                        : 17
#      LUT4_L                      : 4
#      MUXF5                       : 2
# FlipFlops/Latches                : 9
#      FDC                         : 5
#      LD_1                        : 4
# Clock Buffers                    : 1
#      BUFGP                       : 1
# IO Buffers                       : 12
#      IBUF                        : 7
#      OBUF                        : 5
=========================================================================

Device utilization summary:
---------------------------

Selected Device : 3s500efg320-4 

 Number of Slices:                       18  out of   4656     0%  
 Number of Slice Flip Flops:              9  out of   9312     0%  
 Number of 4 input LUTs:                 33  out of   9312     0%  
 Number of IOs:                          13
 Number of bonded IOBs:                  13  out of    232     5%  
 Number of GCLKs:                         1  out of     24     4%  

---------------------------
Partition Resource Summary:
---------------------------

  No Partitions were found in this design.

---------------------------


=========================================================================
TIMING REPORT

NOTE: THESE TIMING NUMBERS ARE ONLY A SYNTHESIS ESTIMATE.
      FOR ACCURATE TIMING INFORMATION PLEASE REFER TO THE TRACE REPORT
      GENERATED AFTER PLACE-and-ROUTE.

Clock Information:
------------------
------------------------------------+------------------------+-------+
Clock Signal                        | Clock buffer(FF name)  | Load  |
------------------------------------+------------------------+-------+
PW_or0000(state_reg_FSM_FFd4-In21:O)| NONE(*)(PW_0)          | 4     |
clock                               | BUFGP                  | 5     |
------------------------------------+------------------------+-------+
(*) This 1 clock signal(s) are generated by combinatorial logic,
and XST is not able to identify which are the primary clock signals.
Please use the CLOCK_SIGNAL constraint to specify the clock signal(s) generated by combinatorial logic.
INFO:Xst:2169 - HDL ADVISOR - Some clock signals were not automatically buffered by XST with BUFG/BUFR resources. Please use the buffer_type constraint in order to insert these buffers to the clock signals to help prevent skew problems.

Asynchronous Control Signals Information:
----------------------------------------
-----------------------------------+------------------------+-------+
Control Signal                     | Buffer(FF name)        | Load  |
-----------------------------------+------------------------+-------+
reset                              | IBUF                   | 5     |
-----------------------------------+------------------------+-------+

Timing Summary:
---------------
Speed Grade: -4

   Minimum period: 4.608ns (Maximum Frequency: 217.014MHz)
   Minimum input arrival time before clock: 6.348ns
   Maximum output required time after clock: 6.196ns
   Maximum combinational path delay: No path found

Timing Detail:
--------------
All values displayed in nanoseconds (ns)

=========================================================================
Timing constraint: Default period analysis for Clock 'clock'
  Clock period: 4.608ns (frequency: 217.014MHz)
  Total number of paths / destination ports: 33 / 5
-------------------------------------------------------------------------
Delay:               4.608ns (Levels of Logic = 3)
  Source:            state_reg_FSM_FFd2 (FF)
  Destination:       state_reg_FSM_FFd4 (FF)
  Source Clock:      clock rising
  Destination Clock: clock rising

  Data Path: state_reg_FSM_FFd2 to state_reg_FSM_FFd4
                                Gate     Net
    Cell:in->out      fanout   Delay   Delay  Logical Name (Net Name)
    ----------------------------------------  ------------
     FDC:C->Q             16   0.591   1.069  state_reg_FSM_FFd2 (state_reg_FSM_FFd2)
     LUT4:I2->O            1   0.704   0.424  state_reg_FSM_FFd4-In148 (state_reg_FSM_FFd4-In148)
     LUT4_L:I3->LO         1   0.704   0.104  state_reg_FSM_FFd4-In166 (state_reg_FSM_FFd4-In166)
     LUT4:I3->O            1   0.704   0.000  state_reg_FSM_FFd4-In177 (state_reg_FSM_FFd4-In)
     FDC:D                     0.308          state_reg_FSM_FFd4
    ----------------------------------------
    Total                      4.608ns (3.011ns logic, 1.597ns route)
                                       (65.3% logic, 34.7% route)

=========================================================================
Timing constraint: Default OFFSET IN BEFORE for Clock 'clock'
  Total number of paths / destination ports: 33 / 5
-------------------------------------------------------------------------
Offset:              6.348ns (Levels of Logic = 5)
  Source:            Switch<2> (PAD)
  Destination:       state_reg_FSM_FFd4 (FF)
  Destination Clock: clock rising

  Data Path: Switch<2> to state_reg_FSM_FFd4
                                Gate     Net
    Cell:in->out      fanout   Delay   Delay  Logical Name (Net Name)
    ----------------------------------------  ------------
     IBUF:I->O             5   1.218   0.808  Switch_2_IBUF (Switch_2_IBUF)
     LUT4:I0->O            1   0.704   0.499  state_reg_FSM_FFd4-In117 (state_reg_FSM_FFd4-In117)
     LUT3:I1->O            1   0.704   0.595  state_reg_FSM_FFd4-In163_SW0 (N35)
     LUT4_L:I0->LO         1   0.704   0.104  state_reg_FSM_FFd4-In166 (state_reg_FSM_FFd4-In166)
     LUT4:I3->O            1   0.704   0.000  state_reg_FSM_FFd4-In177 (state_reg_FSM_FFd4-In)
     FDC:D                     0.308          state_reg_FSM_FFd4
    ----------------------------------------
    Total                      6.348ns (4.342ns logic, 2.006ns route)
                                       (68.4% logic, 31.6% route)

=========================================================================
Timing constraint: Default OFFSET OUT AFTER for Clock 'clock'
  Total number of paths / destination ports: 18 / 5
-------------------------------------------------------------------------
Offset:              6.196ns (Levels of Logic = 2)
  Source:            state_reg_FSM_FFd3 (FF)
  Destination:       Lock (PAD)
  Source Clock:      clock rising

  Data Path: state_reg_FSM_FFd3 to Lock
                                Gate     Net
    Cell:in->out      fanout   Delay   Delay  Logical Name (Net Name)
    ----------------------------------------  ------------
     FDC:C->Q             16   0.591   1.209  state_reg_FSM_FFd3 (state_reg_FSM_FFd3)
     LUT4:I0->O            1   0.704   0.420  state_reg_FSM_Out11 (Lock_OBUF)
     OBUF:I->O                 3.272          Lock_OBUF (Lock)
    ----------------------------------------
    Total                      6.196ns (4.567ns logic, 1.629ns route)
                                       (73.7% logic, 26.3% route)

=========================================================================


Total REAL time to Xst completion: 2.00 secs
Total CPU time to Xst completion: 2.70 secs
 
--> 

Total memory usage is 146148 kilobytes

Number of errors   :    0 (   0 filtered)
Number of warnings :    2 (   0 filtered)
Number of infos    :    2 (   0 filtered)

